c:\users\erikf\documents\github\school-work\bank\x64\debug\vc143.pdb
c:\users\erikf\documents\github\school-work\bank\x64\debug\vc143.idb
c:\users\erikf\documents\github\school-work\bank\x64\debug\main.obj
c:\users\erikf\documents\github\school-work\bank\x64\debug\imgui_impl_glfw.obj
c:\users\erikf\documents\github\school-work\bank\x64\debug\imgui_widgets.obj
c:\users\erikf\documents\github\school-work\bank\x64\debug\imgui_impl_opengl3.obj
c:\users\erikf\documents\github\school-work\bank\x64\debug\imgui.obj
c:\users\erikf\documents\github\school-work\bank\x64\debug\imgui_tables.obj
c:\users\erikf\documents\github\school-work\bank\x64\debug\imgui_draw.obj
c:\users\erikf\documents\github\school-work\bank\x64\debug\imgui_demo.obj
c:\users\erikf\documents\github\school-work\bank\x64\debug\bank.exe
c:\users\erikf\documents\github\school-work\bank\x64\debug\bank.ilk
c:\users\erikf\documents\github\school-work\bank\x64\debug\bank.pdb
c:\users\erikf\documents\github\school-work\bank\x64\debug\bank.tlog\cl.command.1.tlog
c:\users\erikf\documents\github\school-work\bank\x64\debug\bank.tlog\cl.items.tlog
c:\users\erikf\documents\github\school-work\bank\x64\debug\bank.tlog\cl.read.1.tlog
c:\users\erikf\documents\github\school-work\bank\x64\debug\bank.tlog\cl.write.1.tlog
c:\users\erikf\documents\github\school-work\bank\x64\debug\bank.tlog\link.command.1.tlog
c:\users\erikf\documents\github\school-work\bank\x64\debug\bank.tlog\link.read.1.tlog
c:\users\erikf\documents\github\school-work\bank\x64\debug\bank.tlog\link.write.1.tlog
